INFO: 2025/07/29 18:48:11 logger.go:90: Iniciando o serviço de farmácia...
INFO: 2025/07/29 18:48:11 logger.go:90: Aplicando migrações do banco de dados...
INFO: 2025/07/29 18:48:11 logger.go:90: Migrações do banco de dados aplicadas com sucesso.
INFO: 2025/07/29 18:48:11 logger.go:90: Iniciando carregamento de farmácias do CSV...
ERROR: 2025/07/29 18:48:11 logger.go:95: Erro ao carregar farmácias do CSV: erro ao ler cabeçalho do CSV: read pharmacies.csv: is a directory
INFO: 2025/07/29 18:48:11 logger.go:90: Carregamento de farmácias do CSV concluído.
INFO: 2025/07/29 18:48:11 logger.go:90: Iniciando carregamento de claims do diretório: ./data/claims...
INFO: 2025/07/29 18:48:11 logger.go:90: Carregamento de claims concluído.
INFO: 2025/07/29 18:48:11 logger.go:90: Iniciando carregamento de reverts do diretório: ./data/reverts...
INFO: 2025/07/29 18:48:11 logger.go:90: Carregamento de reverts concluído.
INFO: 2025/07/29 18:48:11 logger.go:90: Servidor HTTP iniciando na porta 8080...
INFO: 2025/07/29 18:50:19 logger.go:90: Sinal de encerramento recebido. Desligando o servidor...
INFO: 2025/07/29 18:50:19 logger.go:90: Servidor desligado graciosamente.
INFO: 2025/07/29 18:50:19 logger.go:90: Serviço de farmácia encerrado.
INFO: 2025/07/29 18:50:22 logger.go:90: Iniciando o serviço de farmácia...
INFO: 2025/07/29 18:50:22 logger.go:90: Aplicando migrações do banco de dados...
INFO: 2025/07/29 18:50:22 logger.go:90: Migrações do banco de dados aplicadas com sucesso.
INFO: 2025/07/29 18:50:22 logger.go:90: Iniciando carregamento de farmácias do CSV...
ERROR: 2025/07/29 18:50:22 logger.go:95: Erro ao carregar farmácias do CSV: erro ao abrir o arquivo CSV ./data/pharmacies.csv: open ./data/pharmacies.csv: no such file or directory
INFO: 2025/07/29 18:50:22 logger.go:90: Carregamento de farmácias do CSV concluído.
INFO: 2025/07/29 18:50:22 logger.go:90: Iniciando carregamento de claims do diretório: ./data/claims...
INFO: 2025/07/29 18:50:23 logger.go:90: Carregamento de claims concluído.
INFO: 2025/07/29 18:50:23 logger.go:90: Iniciando carregamento de reverts do diretório: ./data/reverts...
INFO: 2025/07/29 18:50:23 logger.go:90: Carregamento de reverts concluído.
INFO: 2025/07/29 18:50:23 logger.go:90: Servidor HTTP iniciando na porta 8080...
INFO: 2025/07/29 18:51:02 logger.go:90: Sinal de encerramento recebido. Desligando o servidor...
INFO: 2025/07/29 18:51:02 logger.go:90: Servidor desligado graciosamente.
INFO: 2025/07/29 18:51:02 logger.go:90: Serviço de farmácia encerrado.
INFO: 2025/07/29 18:51:04 logger.go:90: Iniciando o serviço de farmácia...
INFO: 2025/07/29 18:51:04 logger.go:90: Aplicando migrações do banco de dados...
INFO: 2025/07/29 18:51:04 logger.go:90: Migrações do banco de dados aplicadas com sucesso.
INFO: 2025/07/29 18:51:04 logger.go:90: Iniciando carregamento de farmácias do CSV...
ERROR: 2025/07/29 18:51:04 logger.go:95: Erro ao carregar farmácias do CSV: erro ao abrir o arquivo CSV ./data/pharmacies.csv: open ./data/pharmacies.csv: no such file or directory
INFO: 2025/07/29 18:51:04 logger.go:90: Carregamento de farmácias do CSV concluído.
INFO: 2025/07/29 18:51:04 logger.go:90: Iniciando carregamento de claims do diretório: ./data/claims...
INFO: 2025/07/29 18:51:04 logger.go:90: Carregamento de claims concluído.
INFO: 2025/07/29 18:51:04 logger.go:90: Iniciando carregamento de reverts do diretório: ./data/reverts...
INFO: 2025/07/29 18:51:04 logger.go:90: Carregamento de reverts concluído.
INFO: 2025/07/29 18:51:04 logger.go:90: Servidor HTTP iniciando na porta 8080...
INFO: 2025/07/29 18:52:04 logger.go:90: Sinal de encerramento recebido. Desligando o servidor...
INFO: 2025/07/29 18:52:04 logger.go:90: Servidor desligado graciosamente.
INFO: 2025/07/29 18:52:04 logger.go:90: Serviço de farmácia encerrado.
INFO: 2025/07/29 18:52:06 logger.go:90: Iniciando o serviço de farmácia...
INFO: 2025/07/29 18:52:06 logger.go:90: Aplicando migrações do banco de dados...
INFO: 2025/07/29 18:52:06 logger.go:90: Migrações do banco de dados aplicadas com sucesso.
INFO: 2025/07/29 18:52:06 logger.go:90: Iniciando carregamento de farmácias do CSV...
ERROR: 2025/07/29 18:52:06 logger.go:95: Erro ao carregar farmácias do CSV: erro ao abrir o arquivo CSV ./data/pharmacies.csv: open ./data/pharmacies.csv: no such file or directory
INFO: 2025/07/29 18:52:06 logger.go:90: Carregamento de farmácias do CSV concluído.
INFO: 2025/07/29 18:52:06 logger.go:90: Iniciando carregamento de claims do diretório: ./data/claims...
INFO: 2025/07/29 18:52:06 logger.go:90: Carregamento de claims concluído.
INFO: 2025/07/29 18:52:06 logger.go:90: Iniciando carregamento de reverts do diretório: ./data/reverts...
INFO: 2025/07/29 18:52:06 logger.go:90: Carregamento de reverts concluído.
INFO: 2025/07/29 18:52:06 logger.go:90: Servidor HTTP iniciando na porta 8080...
INFO: 2025/07/29 18:52:27 logger.go:90: Sinal de encerramento recebido. Desligando o servidor...
INFO: 2025/07/29 18:52:27 logger.go:90: Servidor desligado graciosamente.
INFO: 2025/07/29 18:52:27 logger.go:90: Serviço de farmácia encerrado.
INFO: 2025/07/29 18:52:34 logger.go:90: Iniciando o serviço de farmácia...
INFO: 2025/07/29 18:52:34 logger.go:90: Aplicando migrações do banco de dados...
INFO: 2025/07/29 18:52:34 logger.go:90: Migrações do banco de dados aplicadas com sucesso.
INFO: 2025/07/29 18:52:34 logger.go:90: Iniciando carregamento de farmácias do CSV...
ERROR: 2025/07/29 18:52:34 logger.go:95: Erro ao carregar farmácias do CSV: erro ao abrir o arquivo CSV ./data/pharmacies.csv: open ./data/pharmacies.csv: no such file or directory
INFO: 2025/07/29 18:52:34 logger.go:90: Carregamento de farmácias do CSV concluído.
INFO: 2025/07/29 18:52:34 logger.go:90: Iniciando carregamento de claims do diretório: ./data/claims...
INFO: 2025/07/29 18:52:34 logger.go:90: Carregamento de claims concluído.
INFO: 2025/07/29 18:52:34 logger.go:90: Iniciando carregamento de reverts do diretório: ./data/reverts...
INFO: 2025/07/29 18:52:34 logger.go:90: Carregamento de reverts concluído.
INFO: 2025/07/29 18:52:34 logger.go:90: Servidor HTTP iniciando na porta 8080...
INFO: 2025/07/29 19:16:22 logger.go:90: Sinal de encerramento recebido. Desligando o servidor...
INFO: 2025/07/29 19:16:22 logger.go:90: Servidor desligado graciosamente.
INFO: 2025/07/29 19:16:22 logger.go:90: Serviço de farmácia encerrado.
INFO: 2025/07/29 19:55:21 logger.go:79: Starting pharmacy service...
INFO: 2025/07/29 19:55:21 logger.go:79: Applying database migrations...
INFO: 2025/07/29 19:55:21 logger.go:79: Database migrations applied successfully.
INFO: 2025/07/29 19:55:21 logger.go:79: Starting CSV pharmacies loading...
ERROR: 2025/07/29 19:55:21 logger.go:84: Error loading pharmacies from CSV: error opening CSV file ./data/pharmacies.csv: open ./data/pharmacies.csv: no such file or directory
INFO: 2025/07/29 19:55:21 logger.go:79: CSV pharmacies loading completed.
INFO: 2025/07/29 19:55:21 logger.go:79: Starting claims loading from directory: ./data/claims...
INFO: 2025/07/29 19:55:41 logger.go:79: Starting pharmacy service...
INFO: 2025/07/29 19:55:41 logger.go:79: Applying database migrations...
INFO: 2025/07/29 19:55:41 logger.go:79: Database migrations applied successfully.
INFO: 2025/07/29 19:55:41 logger.go:79: Starting CSV pharmacies loading...
ERROR: 2025/07/29 19:55:41 logger.go:84: Error loading pharmacies from CSV: error opening CSV file ./data/pharmacies.csv: open ./data/pharmacies.csv: no such file or directory
INFO: 2025/07/29 19:55:41 logger.go:79: CSV pharmacies loading completed.
INFO: 2025/07/29 19:55:41 logger.go:79: Starting claims loading from directory: ./data/claims...
INFO: 2025/07/29 19:55:41 logger.go:79: Claims loading completed.
INFO: 2025/07/29 19:55:41 logger.go:79: Starting reverts loading from directory: ./data/reverts...
INFO: 2025/07/29 19:55:41 logger.go:79: Reverts loading completed.
INFO: 2025/07/29 19:55:41 logger.go:79: HTTP server starting on port 8080...
INFO: 2025/07/29 19:55:43 logger.go:79: Shutdown signal received. Shutting down server...
INFO: 2025/07/29 19:55:43 logger.go:79: Server shut down gracefully.
INFO: 2025/07/29 19:55:43 logger.go:79: Pharmacy service terminated.
INFO: 2025/07/29 20:14:41 logger.go:79: Starting pharmacy service...
INFO: 2025/07/29 20:14:41 logger.go:79: Applying database migrations...
INFO: 2025/07/29 20:14:41 logger.go:79: Database migrations applied successfully.
INFO: 2025/07/29 20:14:41 logger.go:79: Starting CSV pharmacies loading...
ERROR: 2025/07/29 20:14:41 logger.go:84: Error loading pharmacies from CSV: error opening CSV file ./data/pharmacies.csv: open ./data/pharmacies.csv: no such file or directory
INFO: 2025/07/29 20:14:41 logger.go:79: CSV pharmacies loading completed.
INFO: 2025/07/29 20:14:41 logger.go:79: Starting claims loading from directory: ./data/claims...
INFO: 2025/07/29 20:14:41 logger.go:79: Claims loading completed.
INFO: 2025/07/29 20:14:41 logger.go:79: Starting reverts loading from directory: ./data/reverts...
INFO: 2025/07/29 20:14:41 logger.go:79: Reverts loading completed.
INFO: 2025/07/29 20:14:41 logger.go:79: HTTP server starting on port 8080...
INFO: 2025/07/29 21:01:17 logger.go:79: Shutdown signal received. Shutting down server...
INFO: 2025/07/29 21:01:17 logger.go:79: Server shut down gracefully.
INFO: 2025/07/29 21:01:17 logger.go:79: Pharmacy service terminated.
